mode: atomic
github.com/GrayCodeAI/iterate/internal/suggest/suggest.go:22.76,27.2 1 6
github.com/GrayCodeAI/iterate/internal/suggest/suggest.go:47.90,52.42 2 6
github.com/GrayCodeAI/iterate/internal/suggest/suggest.go:52.42,59.3 1 2
github.com/GrayCodeAI/iterate/internal/suggest/suggest.go:61.2,61.40 1 6
github.com/GrayCodeAI/iterate/internal/suggest/suggest.go:61.40,68.3 1 2
github.com/GrayCodeAI/iterate/internal/suggest/suggest.go:71.2,71.38 1 6
github.com/GrayCodeAI/iterate/internal/suggest/suggest.go:71.38,73.48 2 1
github.com/GrayCodeAI/iterate/internal/suggest/suggest.go:73.48,80.4 1 1
github.com/GrayCodeAI/iterate/internal/suggest/suggest.go:83.2,83.25 1 6
github.com/GrayCodeAI/iterate/internal/suggest/suggest.go:87.53,90.86 2 7
github.com/GrayCodeAI/iterate/internal/suggest/suggest.go:90.86,91.17 1 23
github.com/GrayCodeAI/iterate/internal/suggest/suggest.go:91.17,93.4 1 1
github.com/GrayCodeAI/iterate/internal/suggest/suggest.go:94.3,94.54 1 22
github.com/GrayCodeAI/iterate/internal/suggest/suggest.go:94.54,96.43 1 11
github.com/GrayCodeAI/iterate/internal/suggest/suggest.go:96.43,98.5 1 1
github.com/GrayCodeAI/iterate/internal/suggest/suggest.go:100.4,100.74 1 10
github.com/GrayCodeAI/iterate/internal/suggest/suggest.go:100.74,102.5 1 2
github.com/GrayCodeAI/iterate/internal/suggest/suggest.go:103.4,104.30 2 8
github.com/GrayCodeAI/iterate/internal/suggest/suggest.go:106.3,106.13 1 19
github.com/GrayCodeAI/iterate/internal/suggest/suggest.go:109.2,109.19 1 7
github.com/GrayCodeAI/iterate/internal/suggest/suggest.go:113.61,114.45 1 0
github.com/GrayCodeAI/iterate/internal/suggest/suggest.go:114.45,116.3 1 0
github.com/GrayCodeAI/iterate/internal/suggest/suggest.go:119.2,120.50 2 0
github.com/GrayCodeAI/iterate/internal/suggest/suggest.go:120.50,122.3 1 0
github.com/GrayCodeAI/iterate/internal/suggest/suggest.go:123.2,126.53 3 0
github.com/GrayCodeAI/iterate/internal/suggest/suggest.go:126.53,128.3 1 0
github.com/GrayCodeAI/iterate/internal/suggest/suggest.go:130.2,131.20 2 0
github.com/GrayCodeAI/iterate/internal/suggest/suggest.go:135.30,137.2 1 0
github.com/GrayCodeAI/iterate/internal/suggest/suggest.go:204.49,207.2 2 12
github.com/GrayCodeAI/iterate/internal/suggest/suggest.go:210.48,211.27 1 5
github.com/GrayCodeAI/iterate/internal/suggest/suggest.go:211.27,213.3 1 2
github.com/GrayCodeAI/iterate/internal/suggest/suggest.go:215.2,217.32 3 3
github.com/GrayCodeAI/iterate/internal/suggest/suggest.go:217.32,218.13 1 13
github.com/GrayCodeAI/iterate/internal/suggest/suggest.go:218.13,220.9 2 1
github.com/GrayCodeAI/iterate/internal/suggest/suggest.go:222.3,223.17 2 12
github.com/GrayCodeAI/iterate/internal/suggest/suggest.go:224.19,225.21 1 1
github.com/GrayCodeAI/iterate/internal/suggest/suggest.go:226.18,227.21 1 9
github.com/GrayCodeAI/iterate/internal/suggest/suggest.go:228.15,229.21 1 1
github.com/GrayCodeAI/iterate/internal/suggest/suggest.go:231.3,231.66 1 12
github.com/GrayCodeAI/iterate/internal/suggest/suggest.go:233.2,233.15 1 3
github.com/GrayCodeAI/iterate/internal/suggest/suggest.go:236.24,237.11 1 4
github.com/GrayCodeAI/iterate/internal/suggest/suggest.go:237.11,239.3 1 1
github.com/GrayCodeAI/iterate/internal/suggest/suggest.go:240.2,240.10 1 3
